2024-08-06 00:30:22,452 - pipeline - INFO - Running script
2024-08-06 00:30:31,273 - pipeline - INFO - Script completed
2024-08-06 16:25:58,020 - pipeline - INFO - Running script
2024-08-06 16:26:01,699 - pipeline - INFO - Script completed
2024-08-06 08:28:00,662 - pipeline - INFO - Running script
2024-08-06 08:28:09,947 - pipeline - INFO - Script completed
2024-08-06 16:45:38,334 - pipeline - INFO - Running script
2024-08-06 16:45:42,063 - pipeline - INFO - Script completed
2024-08-06 08:46:45,964 - pipeline - INFO - Running script
2024-08-06 08:46:45,964 - pipeline - INFO - Reading rental config file
2024-08-06 08:46:45,967 - pipeline - INFO - Reading resale config file
2024-08-06 08:46:45,968 - pipeline - INFO - Fetching resale data
2024-08-06 08:46:51,235 - pipeline - INFO - Fetching rental data
2024-08-06 08:46:54,963 - pipeline - INFO - Script completed
2024-08-07 00:30:52,782 - pipeline - INFO - Running script
2024-08-07 00:30:52,782 - pipeline - INFO - Reading rental config file
2024-08-07 00:30:52,785 - pipeline - INFO - Reading resale config file
2024-08-07 00:30:52,787 - pipeline - INFO - Fetching resale data
2024-08-07 00:30:58,191 - pipeline - INFO - Fetching rental data
2024-08-07 00:31:02,030 - pipeline - INFO - Script completed
